        -:    0:Source:photoresistor.c
        -:    0:Graph:board_sim.gcno
        -:    0:Data:board_sim.gcda
        -:    0:Runs:1
        -:    1:#include "photoresistor.h"
        -:    2:
function read_photo_resistor called 11 returned 100% blocks executed 100%
       11:    3:void read_photo_resistor(int* light_value) {
       11:    4:	printf("[-] photoresistor reading:\n\t { ");
call    0 returned 11
       11:    5:	printf("ADC reading, ADC_convert }\n");
call    0 returned 11
       11:    6:	srand(time(0));
call    0 returned 11
call    1 returned 11
       11:    7:        *light_value = rand() % 100;
call    0 returned 11
       11:    8:	printf("\t light: %d\n", *light_value);
call    0 returned 11
       11:    9:}
